<?xml version="1.0" encoding="UTF-8"?>
<!-- Generated by org.testng.reporters.JUnitXMLReporter -->
<testsuite ignored="0" hostname="LAPTOP-IOBU0KIJ" failures="0" tests="9" name="Default test" time="15.03" errors="0" timestamp="2024-09-09T17:08:53 AEST">
  <testcase classname="testcases.PetStoresTest" name="createPetTest" time="3.192"/>
  <testcase classname="testcases.PetStoresTest" name="createPetTest" time="1.189"/>
  <testcase classname="testcases.PetStoresTest" name="createPetTest" time="1.17"/>
  <testcase classname="testcases.PetStoresTest" name="getPetTest" time="1.182"/>
  <testcase classname="testcases.PetStoresTest" name="getPetTest" time="1.153"/>
  <testcase classname="testcases.PetStoresTest" name="updatePetTest" time="1.186"/>
  <testcase classname="testcases.PetStoresTest" name="updatePetTest" time="1.178"/>
  <testcase classname="testcases.PetStoresTest" name="deletePetTest" time="1.158"/>
  <testcase classname="testcases.PetStoresTest" name="deletePetTest" time="1.168"/>
</testsuite> <!-- Default test -->
