<?xml version="1.0" encoding="UTF-8"?>
<!-- Generated by org.testng.reporters.JUnitXMLReporter -->
<testsuite ignored="0" hostname="LAPTOP-IOBU0KIJ" failures="0" tests="13" name="Test" time="32.459" errors="0" timestamp="2024-09-09T21:08:26 AEST">
  <testcase classname="testcases.TC001_TestToVerifyCreatePetwithValidData" name="createPet_ValidData" time="5.046"/>
  <testcase classname="testcases.TC001_TestToVerifyCreatePetwithValidData" name="createPet_ValidData" time="2.141"/>
  <testcase classname="testcases.TC001_TestToVerifyCreatePetwithValidData" name="createPet_ValidData" time="1.87"/>
  <testcase classname="testcases.TC002_TestToVerifyCreatePetwithMissingRequiredFields" name="createPet_MissingRequiredFields" time="2.298"/>
  <testcase classname="testcases.TC003_TestToVerifyGetPetwithValidData" name="getPet_ValidId" time="2.384"/>
  <testcase classname="testcases.TC003_TestToVerifyGetPetwithValidData" name="getPet_ValidId" time="1.859"/>
  <testcase classname="testcases.TC004_TestToVerifyGetPetwithInValidData" name="getPet_InvalidId" time="2.818"/>
  <testcase classname="testcases.TC005_TestToVerifyUpdatePetwithValidData" name="updatePet_ValidData" time="1.988"/>
  <testcase classname="testcases.TC005_TestToVerifyUpdatePetwithValidData" name="updatePet_ValidData" time="2.198"/>
  <testcase classname="testcases.TC006_TestToVerifyDeletePetwithValidData" name="deletePet_ValidId" time="1.766"/>
  <testcase classname="testcases.TC006_TestToVerifyDeletePetwithValidData" name="deletePet_ValidId" time="1.743"/>
  <testcase classname="testcases.TC007_TestToVerifyDeletePetwithInvalidData" name="deletePet_InvalidId" time="1.828"/>
  <testcase classname="testcases.TC008_TestToVerifyCreatePetwithIncorrectJsonFormat" name="createPet_IncorrectJSONFormat" time="2.242"/>
</testsuite> <!-- Test -->
