<?xml version="1.0" encoding="UTF-8"?>
<testsuite xmlns:xsi="http://www.w3.org/2001/XMLSchema-instance" xsi:noNamespaceSchemaLocation="https://maven.apache.org/surefire/maven-surefire-plugin/xsd/surefire-test-report-3.0.xsd" version="3.0" name="TestSuite" time="33.906" tests="13" errors="0" skipped="0" failures="0">
  <properties>
[...]
</properties>
  <testcase name="createPet_ValidData[501, Jimmy, available, Dog, Friendly](1)" classname="testcases.TC001_TestToVerifyCreatePetwithValidData" time="5.044">
    <system-err><![CDATA[ERROR StatusLogger Log4j2 could not find a logging implementation. Please add log4j-core to the classpath. Using SimpleLogger to log to the console...
]]></system-err>
  </testcase>
  <testcase name="createPet_ValidData[502, Charlie, sold, Cat, Calm](2)" classname="testcases.TC001_TestToVerifyCreatePetwithValidData" time="2.138"/>
  <testcase name="createPet_ValidData[503, Johny, pending, Bunny, Calm](3)" classname="testcases.TC001_TestToVerifyCreatePetwithValidData" time="1.87"/>
  <testcase name="createPet_MissingRequiredFields" classname="testcases.TC002_TestToVerifyCreatePetwithMissingRequiredFields" time="2.305"/>
  <testcase name="getPet_ValidId[501](1)" classname="testcases.TC003_TestToVerifyGetPetwithValidData" time="2.377"/>
  <testcase name="getPet_ValidId[502](2)" classname="testcases.TC003_TestToVerifyGetPetwithValidData" time="1.859"/>
  <testcase name="getPet_InvalidId" classname="testcases.TC004_TestToVerifyGetPetwithInValidData" time="2.818"/>
  <testcase name="updatePet_ValidData[501, JimmyUpdated, sold, Dog, Friendly](1)" classname="testcases.TC005_TestToVerifyUpdatePetwithValidData" time="1.997"/>
  <testcase name="updatePet_ValidData[502, MaxUpdated, available, Cat, Playful](2)" classname="testcases.TC005_TestToVerifyUpdatePetwithValidData" time="2.189"/>
  <testcase name="deletePet_ValidId[501](1)" classname="testcases.TC006_TestToVerifyDeletePetwithValidData" time="1.766"/>
  <testcase name="deletePet_ValidId[502](2)" classname="testcases.TC006_TestToVerifyDeletePetwithValidData" time="1.743"/>
  <testcase name="deletePet_InvalidId" classname="testcases.TC007_TestToVerifyDeletePetwithInvalidData" time="1.828"/>
  <testcase name="createPet_IncorrectJSONFormat" classname="testcases.TC008_TestToVerifyCreatePetwithIncorrectJsonFormat" time="2.242"/>
</testsuite>