<?xml version="1.0" encoding="UTF-8"?>
<testng-results ignored="0" total="13" passed="13" failed="0" skipped="0">
  <reporter-output>
  </reporter-output>
  <suite started-at="2024-09-09T21:07:53 AEST" name="Suite" finished-at="2024-09-09T21:08:26 AEST" duration-ms="32459">
    <groups>
    </groups>
    <test started-at="2024-09-09T21:07:53 AEST" name="Test" finished-at="2024-09-09T21:08:26 AEST" duration-ms="32459">
      <class name="testcases.TC008_TestToVerifyCreatePetwithIncorrectJsonFormat">
        <test-method signature="createPet_IncorrectJSONFormat()[pri:0, instance:testcases.TC008_TestToVerifyCreatePetwithIncorrectJsonFormat@3ba9ad43]" started-at="2024-09-09T21:08:23 AEST" name="createPet_IncorrectJSONFormat" finished-at="2024-09-09T21:08:26 AEST" duration-ms="2242" status="PASS">
          <reporter-output>
          </reporter-output>
        </test-method> <!-- createPet_IncorrectJSONFormat -->
        <test-method is-config="true" signature="setup()[pri:0, instance:testcases.TC008_TestToVerifyCreatePetwithIncorrectJsonFormat@3ba9ad43]" started-at="2024-09-09T21:08:23 AEST" name="setup" finished-at="2024-09-09T21:08:23 AEST" duration-ms="0" status="PASS">
          <reporter-output>
          </reporter-output>
        </test-method> <!-- setup -->
      </class> <!-- testcases.TC008_TestToVerifyCreatePetwithIncorrectJsonFormat -->
      <class name="testcases.TC002_TestToVerifyCreatePetwithMissingRequiredFields">
        <test-method signature="createPet_MissingRequiredFields()[pri:0, instance:testcases.TC002_TestToVerifyCreatePetwithMissingRequiredFields@2473d930]" started-at="2024-09-09T21:08:04 AEST" name="createPet_MissingRequiredFields" finished-at="2024-09-09T21:08:07 AEST" duration-ms="2298" status="PASS">
          <reporter-output>
          </reporter-output>
        </test-method> <!-- createPet_MissingRequiredFields -->
        <test-method is-config="true" signature="setup()[pri:0, instance:testcases.TC002_TestToVerifyCreatePetwithMissingRequiredFields@2473d930]" started-at="2024-09-09T21:08:04 AEST" name="setup" finished-at="2024-09-09T21:08:04 AEST" duration-ms="0" status="PASS">
          <reporter-output>
          </reporter-output>
        </test-method> <!-- setup -->
      </class> <!-- testcases.TC002_TestToVerifyCreatePetwithMissingRequiredFields -->
      <class name="testcases.TC004_TestToVerifyGetPetwithInValidData">
        <test-method signature="getPet_InvalidId()[pri:0, instance:testcases.TC004_TestToVerifyGetPetwithInValidData@49b0b76]" started-at="2024-09-09T21:08:11 AEST" name="getPet_InvalidId" finished-at="2024-09-09T21:08:14 AEST" duration-ms="2818" status="PASS">
          <reporter-output>
          </reporter-output>
        </test-method> <!-- getPet_InvalidId -->
        <test-method is-config="true" signature="setup()[pri:0, instance:testcases.TC004_TestToVerifyGetPetwithInValidData@49b0b76]" started-at="2024-09-09T21:08:11 AEST" name="setup" finished-at="2024-09-09T21:08:11 AEST" duration-ms="0" status="PASS">
          <reporter-output>
          </reporter-output>
        </test-method> <!-- setup -->
      </class> <!-- testcases.TC004_TestToVerifyGetPetwithInValidData -->
      <class name="testcases.TC006_TestToVerifyDeletePetwithValidData">
        <test-method signature="deletePet_ValidId(java.lang.String)[pri:0, instance:testcases.TC006_TestToVerifyDeletePetwithValidData@4c9f8c13]" started-at="2024-09-09T21:08:18 AEST" name="deletePet_ValidId" data-provider="petIdProvider" finished-at="2024-09-09T21:08:20 AEST" duration-ms="1766" status="PASS">
          <params>
            <param index="0">
              <value>
                <![CDATA[501]]>
              </value>
            </param>
          </params>
          <reporter-output>
          </reporter-output>
        </test-method> <!-- deletePet_ValidId -->
        <test-method is-config="true" signature="setup()[pri:0, instance:testcases.TC006_TestToVerifyDeletePetwithValidData@4c9f8c13]" started-at="2024-09-09T21:08:18 AEST" name="setup" finished-at="2024-09-09T21:08:18 AEST" duration-ms="0" status="PASS">
          <reporter-output>
          </reporter-output>
        </test-method> <!-- setup -->
        <test-method signature="deletePet_ValidId(java.lang.String)[pri:0, instance:testcases.TC006_TestToVerifyDeletePetwithValidData@4c9f8c13]" started-at="2024-09-09T21:08:20 AEST" name="deletePet_ValidId" data-provider="petIdProvider" finished-at="2024-09-09T21:08:22 AEST" duration-ms="1743" status="PASS">
          <params>
            <param index="0">
              <value>
                <![CDATA[502]]>
              </value>
            </param>
          </params>
          <reporter-output>
          </reporter-output>
        </test-method> <!-- deletePet_ValidId -->
      </class> <!-- testcases.TC006_TestToVerifyDeletePetwithValidData -->
      <class name="testcases.TC005_TestToVerifyUpdatePetwithValidData">
        <test-method is-config="true" signature="setup()[pri:0, instance:testcases.TC005_TestToVerifyUpdatePetwithValidData@769f71a9]" started-at="2024-09-09T21:08:14 AEST" name="setup" finished-at="2024-09-09T21:08:14 AEST" duration-ms="0" status="PASS">
          <reporter-output>
          </reporter-output>
        </test-method> <!-- setup -->
        <test-method signature="updatePet_ValidData(java.lang.String,java.lang.String,java.lang.String,java.lang.String,java.lang.String)[pri:0, instance:testcases.TC005_TestToVerifyUpdatePetwithValidData@769f71a9]" started-at="2024-09-09T21:08:14 AEST" name="updatePet_ValidData" data-provider="updatePetProvider" finished-at="2024-09-09T21:08:16 AEST" duration-ms="1988" status="PASS">
          <params>
            <param index="0">
              <value>
                <![CDATA[501]]>
              </value>
            </param>
            <param index="1">
              <value>
                <![CDATA[JimmyUpdated]]>
              </value>
            </param>
            <param index="2">
              <value>
                <![CDATA[sold]]>
              </value>
            </param>
            <param index="3">
              <value>
                <![CDATA[Dog]]>
              </value>
            </param>
            <param index="4">
              <value>
                <![CDATA[Friendly]]>
              </value>
            </param>
          </params>
          <reporter-output>
          </reporter-output>
        </test-method> <!-- updatePet_ValidData -->
        <test-method signature="updatePet_ValidData(java.lang.String,java.lang.String,java.lang.String,java.lang.String,java.lang.String)[pri:0, instance:testcases.TC005_TestToVerifyUpdatePetwithValidData@769f71a9]" started-at="2024-09-09T21:08:16 AEST" name="updatePet_ValidData" data-provider="updatePetProvider" finished-at="2024-09-09T21:08:18 AEST" duration-ms="2198" status="PASS">
          <params>
            <param index="0">
              <value>
                <![CDATA[502]]>
              </value>
            </param>
            <param index="1">
              <value>
                <![CDATA[MaxUpdated]]>
              </value>
            </param>
            <param index="2">
              <value>
                <![CDATA[available]]>
              </value>
            </param>
            <param index="3">
              <value>
                <![CDATA[Cat]]>
              </value>
            </param>
            <param index="4">
              <value>
                <![CDATA[Playful]]>
              </value>
            </param>
          </params>
          <reporter-output>
          </reporter-output>
        </test-method> <!-- updatePet_ValidData -->
      </class> <!-- testcases.TC005_TestToVerifyUpdatePetwithValidData -->
      <class name="testcases.TC007_TestToVerifyDeletePetwithInvalidData">
        <test-method signature="deletePet_InvalidId()[pri:0, instance:testcases.TC007_TestToVerifyDeletePetwithInvalidData@5ae50ce6]" started-at="2024-09-09T21:08:22 AEST" name="deletePet_InvalidId" finished-at="2024-09-09T21:08:23 AEST" duration-ms="1828" status="PASS">
          <reporter-output>
          </reporter-output>
        </test-method> <!-- deletePet_InvalidId -->
        <test-method is-config="true" signature="setup()[pri:0, instance:testcases.TC007_TestToVerifyDeletePetwithInvalidData@5ae50ce6]" started-at="2024-09-09T21:08:22 AEST" name="setup" finished-at="2024-09-09T21:08:22 AEST" duration-ms="0" status="PASS">
          <reporter-output>
          </reporter-output>
        </test-method> <!-- setup -->
      </class> <!-- testcases.TC007_TestToVerifyDeletePetwithInvalidData -->
      <class name="testcases.TC003_TestToVerifyGetPetwithValidData">
        <test-method is-config="true" signature="setup()[pri:0, instance:testcases.TC003_TestToVerifyGetPetwithValidData@35047d03]" started-at="2024-09-09T21:08:07 AEST" name="setup" finished-at="2024-09-09T21:08:07 AEST" duration-ms="0" status="PASS">
          <reporter-output>
          </reporter-output>
        </test-method> <!-- setup -->
        <test-method signature="getPet_ValidId(java.lang.String)[pri:0, instance:testcases.TC003_TestToVerifyGetPetwithValidData@35047d03]" started-at="2024-09-09T21:08:07 AEST" name="getPet_ValidId" data-provider="petIdProvider" finished-at="2024-09-09T21:08:09 AEST" duration-ms="2384" status="PASS">
          <params>
            <param index="0">
              <value>
                <![CDATA[501]]>
              </value>
            </param>
          </params>
          <reporter-output>
          </reporter-output>
        </test-method> <!-- getPet_ValidId -->
        <test-method signature="getPet_ValidId(java.lang.String)[pri:0, instance:testcases.TC003_TestToVerifyGetPetwithValidData@35047d03]" started-at="2024-09-09T21:08:09 AEST" name="getPet_ValidId" data-provider="petIdProvider" finished-at="2024-09-09T21:08:11 AEST" duration-ms="1859" status="PASS">
          <params>
            <param index="0">
              <value>
                <![CDATA[502]]>
              </value>
            </param>
          </params>
          <reporter-output>
          </reporter-output>
        </test-method> <!-- getPet_ValidId -->
      </class> <!-- testcases.TC003_TestToVerifyGetPetwithValidData -->
      <class name="testcases.TC001_TestToVerifyCreatePetwithValidData">
        <test-method is-config="true" signature="setup()[pri:0, instance:testcases.TC001_TestToVerifyCreatePetwithValidData@78b66d36]" started-at="2024-09-09T21:07:53 AEST" name="setup" finished-at="2024-09-09T21:07:54 AEST" duration-ms="669" status="PASS">
          <reporter-output>
          </reporter-output>
        </test-method> <!-- setup -->
        <test-method signature="createPet_ValidData(java.lang.String,java.lang.String,java.lang.String,java.lang.String,java.lang.String)[pri:0, instance:testcases.TC001_TestToVerifyCreatePetwithValidData@78b66d36]" started-at="2024-09-09T21:07:55 AEST" name="createPet_ValidData" data-provider="petstoreData" finished-at="2024-09-09T21:08:00 AEST" duration-ms="5046" status="PASS">
          <params>
            <param index="0">
              <value>
                <![CDATA[501]]>
              </value>
            </param>
            <param index="1">
              <value>
                <![CDATA[Jimmy]]>
              </value>
            </param>
            <param index="2">
              <value>
                <![CDATA[available]]>
              </value>
            </param>
            <param index="3">
              <value>
                <![CDATA[Dog]]>
              </value>
            </param>
            <param index="4">
              <value>
                <![CDATA[Friendly]]>
              </value>
            </param>
          </params>
          <reporter-output>
          </reporter-output>
        </test-method> <!-- createPet_ValidData -->
        <test-method signature="createPet_ValidData(java.lang.String,java.lang.String,java.lang.String,java.lang.String,java.lang.String)[pri:0, instance:testcases.TC001_TestToVerifyCreatePetwithValidData@78b66d36]" started-at="2024-09-09T21:08:00 AEST" name="createPet_ValidData" data-provider="petstoreData" finished-at="2024-09-09T21:08:03 AEST" duration-ms="2141" status="PASS">
          <params>
            <param index="0">
              <value>
                <![CDATA[502]]>
              </value>
            </param>
            <param index="1">
              <value>
                <![CDATA[Charlie]]>
              </value>
            </param>
            <param index="2">
              <value>
                <![CDATA[sold]]>
              </value>
            </param>
            <param index="3">
              <value>
                <![CDATA[Cat]]>
              </value>
            </param>
            <param index="4">
              <value>
                <![CDATA[Calm]]>
              </value>
            </param>
          </params>
          <reporter-output>
          </reporter-output>
        </test-method> <!-- createPet_ValidData -->
        <test-method signature="createPet_ValidData(java.lang.String,java.lang.String,java.lang.String,java.lang.String,java.lang.String)[pri:0, instance:testcases.TC001_TestToVerifyCreatePetwithValidData@78b66d36]" started-at="2024-09-09T21:08:03 AEST" name="createPet_ValidData" data-provider="petstoreData" finished-at="2024-09-09T21:08:04 AEST" duration-ms="1870" status="PASS">
          <params>
            <param index="0">
              <value>
                <![CDATA[503]]>
              </value>
            </param>
            <param index="1">
              <value>
                <![CDATA[Johny]]>
              </value>
            </param>
            <param index="2">
              <value>
                <![CDATA[pending]]>
              </value>
            </param>
            <param index="3">
              <value>
                <![CDATA[Bunny]]>
              </value>
            </param>
            <param index="4">
              <value>
                <![CDATA[Calm]]>
              </value>
            </param>
          </params>
          <reporter-output>
          </reporter-output>
        </test-method> <!-- createPet_ValidData -->
      </class> <!-- testcases.TC001_TestToVerifyCreatePetwithValidData -->
    </test> <!-- Test -->
  </suite> <!-- Suite -->
</testng-results>
